<?xml version="1.0" encoding="UTF-8"?>
<testng-results skipped="0" failed="0" total="1" passed="1">
  <reporter-output>
  </reporter-output>
  <suite name="Test Suite" duration-ms="44381" started-at="2019-03-04T15:30:30Z" finished-at="2019-03-04T15:31:14Z">
    <groups>
    </groups>
    <test name="Test" duration-ms="44381" started-at="2019-03-04T15:30:30Z" finished-at="2019-03-04T15:31:14Z">
      <class name="com.appToTest.testscripts.AppTest">
        <test-method status="PASS" signature="beforeClass()[pri:0, instance:com.appToTest.testscripts.AppTest@2c6a3f77]" name="beforeClass" is-config="true" duration-ms="10148" started-at="2019-03-04T21:00:30Z" finished-at="2019-03-04T21:00:40Z">
          <reporter-output>
          </reporter-output>
        </test-method> <!-- beforeClass -->
        <test-method status="PASS" signature="openMyBlog()[pri:0, instance:com.appToTest.testscripts.AppTest@2c6a3f77]" name="openMyBlog" duration-ms="31626" started-at="2019-03-04T21:00:40Z" finished-at="2019-03-04T21:01:12Z">
          <reporter-output>
          </reporter-output>
        </test-method> <!-- openMyBlog -->
        <test-method status="PASS" signature="afterClass()[pri:0, instance:com.appToTest.testscripts.AppTest@2c6a3f77]" name="afterClass" is-config="true" duration-ms="2591" started-at="2019-03-04T21:01:12Z" finished-at="2019-03-04T21:01:14Z">
          <reporter-output>
          </reporter-output>
        </test-method> <!-- afterClass -->
      </class> <!-- com.appToTest.testscripts.AppTest -->
    </test> <!-- Test -->
  </suite> <!-- Test Suite -->
</testng-results>
